ruff check c7n tests tools
tools/c7n_huaweicloud/c7n_huaweicloud/client.py:25:1: F403 `from huaweicloudsdklts.v2 import *` used; unable to detect undefined names
   |
23 | from huaweicloudsdktms.v1 import TmsClient
24 | from huaweicloudsdktms.v1.region.tms_region import TmsRegion
25 | from huaweicloudsdklts.v2 import *
   | ^^^^^^^^^^^^^^^^^^^^^^^^^^^^^^^^^^ F403
26 | from huaweicloudsdklts.v2.region.lts_region import LtsRegion
27 | from huaweicloudsdkdeh.v1 import DeHClient, ListDedicatedHostsRequest
   |

tools/c7n_huaweicloud/c7n_huaweicloud/client.py:104:22: F405 `LtsClient` may be undefined, or defined from star imports
    |
102 |                 .build()
103 |         elif service == 'lts-transfer':
104 |             client = LtsClient.new_builder() \
    |                      ^^^^^^^^^ F405
105 |                 .with_credentials(credentials) \
106 |                 .with_region(LtsRegion.value_of(self.region)) \
    |

tools/c7n_huaweicloud/c7n_huaweicloud/client.py:205:23: F405 `ListTransfersRequest` may be undefined, or defined from star imports
    |
203 |             request = ListVolumesRequest()
204 |         elif service == 'lts-transfer':
205 |             request = ListTransfersRequest()
    |                       ^^^^^^^^^^^^^^^^^^^^ F405
206 |         elif service == 'config':
207 |             request = ShowTrackerConfigRequest()
    |

tools/c7n_huaweicloud/c7n_huaweicloud/filters/transfer.py:29:1: W391 [*] Extra newline at end of file
   |
27 |                     matched.append(transfer)
28 |         return matched
29 | 
   | ^ W391
   |
   = help: Remove trailing newline

tools/c7n_huaweicloud/c7n_huaweicloud/resources/lts-transfer.py:7:19: F401 [*] `boto3.client` imported but unused
  |
5 | import logging
6 | 
7 | from boto3 import client
  |                   ^^^^^^ F401
8 | from huaweicloudsdkcore.exceptions import exceptions
9 | from huaweicloudsdklts.v2 import *
  |
  = help: Remove unused import: `boto3.client`

tools/c7n_huaweicloud/c7n_huaweicloud/resources/lts-transfer.py:9:1: F403 `from huaweicloudsdklts.v2 import *` used; unable to detect undefined names
   |
 7 | from boto3 import client
 8 | from huaweicloudsdkcore.exceptions import exceptions
 9 | from huaweicloudsdklts.v2 import *
   | ^^^^^^^^^^^^^^^^^^^^^^^^^^^^^^^^^^ F403
10 | 
11 | from c7n.utils import type_schema
   |

tools/c7n_huaweicloud/c7n_huaweicloud/resources/lts-transfer.py:19:1: E302 [*] Expected 2 blank lines, found 1
   |
17 | log = logging.getLogger("custodian.huaweicloud.resources.lts-transfer")
18 | 
19 | @resources.register('lts-transfer')
   | ^ E302
20 | class Transfer(QueryResourceManager):
21 |     class resource_type(TypeInfo):
   |
   = help: Add missing blank line(s)

tools/c7n_huaweicloud/c7n_huaweicloud/resources/lts-transfer.py:28:1: E305 [*] Expected 2 blank lines after class or function definition, found (1)
   |
26 |         tag_resource_type = 'ltstransfer'
27 | 
28 | Transfer.filter_registry.register('transfer-logGroupStream-id', LtsTransferLogGroupStreamFilter)
   | ^^^^^^^^ E305
29 | 
30 | @Transfer.action_registry.register("create-transfer")
   |
   = help: Add missing blank line(s)

tools/c7n_huaweicloud/c7n_huaweicloud/resources/lts-transfer.py:30:1: E302 [*] Expected 2 blank lines, found 1
   |
28 | Transfer.filter_registry.register('transfer-logGroupStream-id', LtsTransferLogGroupStreamFilter)
29 | 
30 | @Transfer.action_registry.register("create-transfer")
   | ^ E302
31 | class LtsCreateTransferLog(HuaweiCloudBaseAction):
32 |     schema = type_schema(
   |
   = help: Add missing blank line(s)

tools/c7n_huaweicloud/c7n_huaweicloud/resources/lts-transfer.py:46:9: F811 Redefinition of unused `client` from line 7
   |
45 |     def perform_action(self, resource):
46 |         client = self.manager.get_client()
   |         ^^^^^^ F811
47 |         try:
48 |             request = CreateTransferRequest()
   |
   = help: Remove definition: `client`

tools/c7n_huaweicloud/c7n_huaweicloud/resources/lts-transfer.py:48:23: F405 `CreateTransferRequest` may be undefined, or defined from star imports
   |
46 |         client = self.manager.get_client()
47 |         try:
48 |             request = CreateTransferRequest()
   |                       ^^^^^^^^^^^^^^^^^^^^^ F405
49 |             logTransferDetailLogTransferInfo = TransferDetail(
50 |                 obs_period=self.data.get('obs_period'),
   |

tools/c7n_huaweicloud/c7n_huaweicloud/resources/lts-transfer.py:49:48: F405 `TransferDetail` may be undefined, or defined from star imports
   |
47 |         try:
48 |             request = CreateTransferRequest()
49 |             logTransferDetailLogTransferInfo = TransferDetail(
   |                                                ^^^^^^^^^^^^^^ F405
50 |                 obs_period=self.data.get('obs_period'),
51 |                 obs_period_unit=self.data.get('obs_period_unit'),
   |

tools/c7n_huaweicloud/c7n_huaweicloud/resources/lts-transfer.py:54:35: F405 `CreateTransferRequestBodyLogTransferInfo` may be undefined, or defined from star imports
   |
52 |                 obs_bucket_name=self.data.get('obs_bucket_name')
53 |             )
54 |             logTransferInfobody = CreateTransferRequestBodyLogTransferInfo(
   |                                   ^^^^^^^^^^^^^^^^^^^^^^^^^^^^^^^^^^^^^^^^ F405
55 |                 log_transfer_type=self.data.get('log_transfer_type'),
56 |                 log_transfer_mode=self.data.get('log_transfer_mode'),
   |

tools/c7n_huaweicloud/c7n_huaweicloud/resources/lts-transfer.py:63:43: F405 `CreateTransferRequestBodyLogStreams` may be undefined, or defined from star imports
   |
61 |             listLogStreamsbody = []
62 |             for stream in self.data.get("log_streams"):
63 |                 listLogStreamsbody.append(CreateTransferRequestBodyLogStreams(
   |                                           ^^^^^^^^^^^^^^^^^^^^^^^^^^^^^^^^^^^ F405
64 |                     log_stream_id=stream["log_stream_id"]
65 |                 ))
   |

tools/c7n_huaweicloud/c7n_huaweicloud/resources/lts-transfer.py:66:28: F405 `CreateTransferRequestBody` may be undefined, or defined from star imports
   |
64 |                     log_stream_id=stream["log_stream_id"]
65 |                 ))
66 |             request.body = CreateTransferRequestBody(
   |                            ^^^^^^^^^^^^^^^^^^^^^^^^^ F405
67 |                 log_transfer_info=logTransferInfobody,
68 |                 log_streams=listLogStreamsbody,
   |

tools/c7n_huaweicloud/tests/test_lts_transfer.py:50:1: W391 [*] Extra newline at end of file
   |
48 |         resources = p.run()
49 |         self.assertEqual(len(resources), 1)
50 | 
   | ^ W391
   |
   = help: Remove trailing newline

Found 16 errors.
[*] 6 fixable with the `--fix` option.
