2025-04-09 11:23:09,558 - custodian.huaweicloud.client - ERROR - No default region set. Specify a default via HUAWEI_DEFAULT_REGION
2025-04-09 11:23:09,561 - custodian.output - ERROR - Error while executing policy
Traceback (most recent call last):
  File "/root/cloud-custodian/c7n/policy.py", line 330, in run
    resources = self.policy.resource_manager.resources()
  File "/root/cloud-custodian/tools/c7n_huaweicloud/c7n_huaweicloud/query.py", line 374, in resources
    resources = self._fetch_resources(q)
  File "/root/cloud-custodian/tools/c7n_huaweicloud/c7n_huaweicloud/query.py", line 393, in _fetch_resources
    return self.augment(self.source.get_resources(query)) or []
  File "/root/cloud-custodian/tools/c7n_huaweicloud/c7n_huaweicloud/query.py", line 280, in get_resources
    return self.query.filter(self.manager, **query)
  File "/root/cloud-custodian/tools/c7n_huaweicloud/c7n_huaweicloud/query.py", line 51, in filter
    resources = self._pagination_limit_offset(m, enum_op, path)
  File "/root/cloud-custodian/tools/c7n_huaweicloud/c7n_huaweicloud/query.py", line 66, in _pagination_limit_offset
    session = local_session(self.session_factory)
  File "/root/cloud-custodian/c7n/utils.py", line 334, in local_session
    s = factory()
  File "/root/cloud-custodian/tools/c7n_huaweicloud/c7n_huaweicloud/client.py", line 66, in __init__
    sys.exit(1)
SystemExit: 1
2025-04-09 11:39:16,356 - custodian.huaweicloud.client - ERROR - No default region set. Specify a default via HUAWEI_DEFAULT_REGION
2025-04-09 11:39:16,358 - custodian.output - ERROR - Error while executing policy
Traceback (most recent call last):
  File "/root/cloud-custodian/c7n/policy.py", line 330, in run
    resources = self.policy.resource_manager.resources()
  File "/root/cloud-custodian/tools/c7n_huaweicloud/c7n_huaweicloud/query.py", line 374, in resources
    resources = self._fetch_resources(q)
  File "/root/cloud-custodian/tools/c7n_huaweicloud/c7n_huaweicloud/query.py", line 393, in _fetch_resources
    return self.augment(self.source.get_resources(query)) or []
  File "/root/cloud-custodian/tools/c7n_huaweicloud/c7n_huaweicloud/query.py", line 280, in get_resources
    return self.query.filter(self.manager, **query)
  File "/root/cloud-custodian/tools/c7n_huaweicloud/c7n_huaweicloud/query.py", line 51, in filter
    resources = self._pagination_limit_offset(m, enum_op, path)
  File "/root/cloud-custodian/tools/c7n_huaweicloud/c7n_huaweicloud/query.py", line 66, in _pagination_limit_offset
    session = local_session(self.session_factory)
  File "/root/cloud-custodian/c7n/utils.py", line 334, in local_session
    s = factory()
  File "/root/cloud-custodian/tools/c7n_huaweicloud/c7n_huaweicloud/client.py", line 66, in __init__
    sys.exit(1)
SystemExit: 1
2025-04-09 11:46:34,202 - custodian.huaweicloud.client - ERROR - No default region set. Specify a default via HUAWEI_DEFAULT_REGION
2025-04-09 11:46:34,205 - custodian.output - ERROR - Error while executing policy
Traceback (most recent call last):
  File "/root/cloud-custodian/c7n/policy.py", line 330, in run
    resources = self.policy.resource_manager.resources()
  File "/root/cloud-custodian/tools/c7n_huaweicloud/c7n_huaweicloud/query.py", line 374, in resources
    resources = self._fetch_resources(q)
  File "/root/cloud-custodian/tools/c7n_huaweicloud/c7n_huaweicloud/query.py", line 393, in _fetch_resources
    return self.augment(self.source.get_resources(query)) or []
  File "/root/cloud-custodian/tools/c7n_huaweicloud/c7n_huaweicloud/query.py", line 280, in get_resources
    return self.query.filter(self.manager, **query)
  File "/root/cloud-custodian/tools/c7n_huaweicloud/c7n_huaweicloud/query.py", line 51, in filter
    resources = self._pagination_limit_offset(m, enum_op, path)
  File "/root/cloud-custodian/tools/c7n_huaweicloud/c7n_huaweicloud/query.py", line 66, in _pagination_limit_offset
    session = local_session(self.session_factory)
  File "/root/cloud-custodian/c7n/utils.py", line 334, in local_session
    s = factory()
  File "/root/cloud-custodian/tools/c7n_huaweicloud/c7n_huaweicloud/client.py", line 66, in __init__
    sys.exit(1)
SystemExit: 1
2025-04-09 14:15:48,181 - custodian.huaweicloud.client - ERROR - No default region set. Specify a default via HUAWEI_DEFAULT_REGION
2025-04-09 14:15:48,182 - custodian.output - ERROR - Error while executing policy
Traceback (most recent call last):
  File "/root/cloud-custodian/c7n/policy.py", line 330, in run
    resources = self.policy.resource_manager.resources()
  File "/root/cloud-custodian/tools/c7n_huaweicloud/c7n_huaweicloud/query.py", line 374, in resources
    resources = self._fetch_resources(q)
  File "/root/cloud-custodian/tools/c7n_huaweicloud/c7n_huaweicloud/query.py", line 393, in _fetch_resources
    return self.augment(self.source.get_resources(query)) or []
  File "/root/cloud-custodian/tools/c7n_huaweicloud/c7n_huaweicloud/query.py", line 280, in get_resources
    return self.query.filter(self.manager, **query)
  File "/root/cloud-custodian/tools/c7n_huaweicloud/c7n_huaweicloud/query.py", line 51, in filter
    resources = self._pagination_limit_offset(m, enum_op, path)
  File "/root/cloud-custodian/tools/c7n_huaweicloud/c7n_huaweicloud/query.py", line 66, in _pagination_limit_offset
    session = local_session(self.session_factory)
  File "/root/cloud-custodian/c7n/utils.py", line 334, in local_session
    s = factory()
  File "/root/cloud-custodian/tools/c7n_huaweicloud/c7n_huaweicloud/client.py", line 66, in __init__
    sys.exit(1)
SystemExit: 1
2025-04-09 14:16:19,302 - custodian.huaweicloud.client - ERROR - No default region set. Specify a default via HUAWEI_DEFAULT_REGION
2025-04-09 14:16:19,304 - custodian.output - ERROR - Error while executing policy
Traceback (most recent call last):
  File "/root/cloud-custodian/c7n/policy.py", line 330, in run
    resources = self.policy.resource_manager.resources()
  File "/root/cloud-custodian/tools/c7n_huaweicloud/c7n_huaweicloud/query.py", line 374, in resources
    resources = self._fetch_resources(q)
  File "/root/cloud-custodian/tools/c7n_huaweicloud/c7n_huaweicloud/query.py", line 393, in _fetch_resources
    return self.augment(self.source.get_resources(query)) or []
  File "/root/cloud-custodian/tools/c7n_huaweicloud/c7n_huaweicloud/query.py", line 280, in get_resources
    return self.query.filter(self.manager, **query)
  File "/root/cloud-custodian/tools/c7n_huaweicloud/c7n_huaweicloud/query.py", line 51, in filter
    resources = self._pagination_limit_offset(m, enum_op, path)
  File "/root/cloud-custodian/tools/c7n_huaweicloud/c7n_huaweicloud/query.py", line 66, in _pagination_limit_offset
    session = local_session(self.session_factory)
  File "/root/cloud-custodian/c7n/utils.py", line 334, in local_session
    s = factory()
  File "/root/cloud-custodian/tools/c7n_huaweicloud/c7n_huaweicloud/client.py", line 66, in __init__
    sys.exit(1)
SystemExit: 1
